# JRE version: OpenJDK Runtime Environment Corretto-11.0.12.7.1 (11.0.12+7) (build 11.0.12+7-LTS)
# Java VM: OpenJDK 64-Bit Server VM Corretto-11.0.12.7.1 (11.0.12+7-LTS, mixed mode, tiered, compressed oops, g1 gc, windows-amd64)
Heap:
 garbage-first heap   total 236544K, used 30511K [0x0000000740000000, 0x0000000800000000)
  region size 1024K, 6 young (6144K), 6 survivors (6144K)
 Metaspace       used 31979K, capacity 32980K, committed 33200K, reserved 1079296K
  class space    used 3385K, capacity 3753K, committed 3840K, reserved 1048576K
GC Heap History (9 events):
Event: 1.034 GC heap before
{Heap before GC invocations=0 (full 0):
 garbage-first heap   total 196608K, used 23552K [0x0000000740000000, 0x0000000800000000)
  region size 1024K, 24 young (24576K), 0 survivors (0K)
 Metaspace       used 12997K, capacity 13219K, committed 13312K, reserved 1060864K
  class space    used 1215K, capacity 1279K, committed 1280K, reserved 1048576K
}
Event: 1.040 GC heap after
{Heap after GC invocations=1 (full 0):
 garbage-first heap   total 196608K, used 3784K [0x0000000740000000, 0x0000000800000000)
  region size 1024K, 3 young (3072K), 3 survivors (3072K)
 Metaspace       used 12997K, capacity 13219K, committed 13312K, reserved 1060864K
  class space    used 1215K, capacity 1279K, committed 1280K, reserved 1048576K
}
Event: 2.621 GC heap before
{Heap before GC invocations=1 (full 0):
 garbage-first heap   total 196608K, used 118472K [0x0000000740000000, 0x0000000800000000)
  region size 1024K, 115 young (117760K), 3 survivors (3072K)
 Metaspace       used 20068K, capacity 20422K, committed 20736K, reserved 1069056K
  class space    used 1842K, capacity 1954K, committed 2048K, reserved 1048576K
}
Event: 2.640 GC heap after
{Heap after GC invocations=2 (full 0):
 garbage-first heap   total 196608K, used 17277K [0x0000000740000000, 0x0000000800000000)
  region size 1024K, 15 young (15360K), 15 survivors (15360K)
 Metaspace       used 20068K, capacity 20422K, committed 20736K, reserved 1069056K
  class space    used 1842K, capacity 1954K, committed 2048K, reserved 1048576K
}
Event: 2.794 GC heap before
{Heap before GC invocations=2 (full 0):
 garbage-first heap   total 196608K, used 28541K [0x0000000740000000, 0x0000000800000000)
  region size 1024K, 27 young (27648K), 15 survivors (15360K)
 Metaspace       used 20734K, capacity 21077K, committed 21296K, reserved 1069056K
  class space    used 1943K, capacity 2065K, committed 2176K, reserved 1048576K
}
Event: 2.811 GC heap after
{Heap after GC invocations=3 (full 0):
 garbage-first heap   total 196608K, used 19185K [0x0000000740000000, 0x0000000800000000)
  region size 1024K, 2 young (2048K), 2 survivors (2048K)
 Metaspace       used 20734K, capacity 21077K, committed 21296K, reserved 1069056K
  class space    used 1943K, capacity 2065K, committed 2176K, reserved 1048576K
}
Event: 3.897 GC heap before
{Heap before GC invocations=4 (full 0):
 garbage-first heap   total 196608K, used 79601K [0x0000000740000000, 0x0000000800000000)
  region size 1024K, 61 young (62464K), 2 survivors (2048K)
 Metaspace       used 26672K, capacity 27366K, committed 27568K, reserved 1073152K
  class space    used 2718K, capacity 2988K, committed 3072K, reserved 1048576K
}
Event: 3.907 GC heap after
{Heap after GC invocations=5 (full 0):
 garbage-first heap   total 196608K, used 24489K [0x0000000740000000, 0x0000000800000000)
  region size 1024K, 8 young (8192K), 8 survivors (8192K)
 Metaspace       used 26672K, capacity 27366K, committed 27568K, reserved 1073152K
  class space    used 2718K, capacity 2988K, committed 3072K, reserved 1048576K
}
Event: 23.262 GC heap before
{Heap before GC invocations=5 (full 0):
 garbage-first heap   total 196608K, used 100265K [0x0000000740000000, 0x0000000800000000)
  region size 1024K, 82 young (83968K), 8 survivors (8192K)
 Metaspace       used 31979K, capacity 32980K, committed 33200K, reserved 1079296K
  class space    used 3385K, capacity 3753K, committed 3840K, reserved 1048576K
}

